<?xml version="1.0" encoding="UTF-8"?><testsuite errors="0" failures="0" name="com.heroukapp.bookingInfo.BookingCRUDTest" skipped="0" tests="4" time="19.87" timestamp="2022-01-11T20:13:02.138Z[Europe/London]"><testcase classname="com.heroukapp.bookingInfo.BookingCRUDTest" name="This will create new booking"/><testcase classname="com.heroukapp.bookingInfo.BookingCRUDTest" name="Verify if the Booking was done correctly"/><testcase classname="com.heroukapp.bookingInfo.BookingCRUDTest" name="Update the Booking and verify the updated information"/><testcase classname="com.heroukapp.bookingInfo.BookingCRUDTest" name="Delete the Booking and verify if the Booking is deleted!"/></testsuite>